<?xml version="1.0" encoding="UTF-8"?>
<!-- Generated by org.testng.reporters.JUnitReportReporter -->
<testsuite hostname="DESKTOP-02B7742" failures="0" tests="1" name="runner.TC001_JobDesc_Screenshot_Cu" time="6.933" errors="0" timestamp="2025-06-14T22:17:21 IST" skipped="0">
  <testcase classname="runner.TC001_JobDesc_Screenshot_Cu" name="runScenario" time="6.933"/>
</testsuite> <!-- runner.TC001_JobDesc_Screenshot_Cu -->
