<?xml version="1.0" encoding="UTF-8"?>
<!-- Generated by org.testng.reporters.JUnitReportReporter -->
<testsuite hostname="DESKTOP-02B7742" failures="0" tests="1" name="runner.T001_JobDesc_Screenshot" time="6.103" errors="0" timestamp="2025-06-14T22:17:58 IST" skipped="0">
  <testcase classname="runner.T001_JobDesc_Screenshot" name="jobDescScreenShot" time="6.103"/>
</testsuite> <!-- runner.T001_JobDesc_Screenshot -->
